<?xml version="1.0" encoding="UTF-8"?>
<testsuite name="ui.tests.FirstTests" tests="1" skipped="0" failures="0" errors="0" timestamp="2023-02-09T14:23:28" hostname="KOMPUTER" time="51.516">
  <properties/>
  <testcase name="Первый сценарий" classname="ui.tests.FirstTests" time="51.516"/>
  <system-out><![CDATA[]]></system-out>
  <system-err><![CDATA[[Test worker] INFO com.codeborne.selenide.impl.WebDriverThreadLocalContainer - No webdriver is bound to current thread: 15 - let's create a new webdriver
[Test worker] INFO com.codeborne.selenide.impl.FileHelper - Creating folder: Q:\For mobile\et.tests\build\downloads\1675952608702_16908_15
[Test worker] INFO com.codeborne.selenide.webdriver.SelenideNettyClientFactory - Changed readTimeout from PT10M to PT10M
[Test worker] INFO com.codeborne.selenide.webdriver.WebDriverFactory - Failed to set page load timeout to 30000 ms: org.openqa.selenium.UnsupportedCommandException: {"value":{"error":"unknown method","message":"Not implemented yet for pageLoad.","stacktrace":"NotImplementedError: Not implemented yet for pageLoad.\n    at AndroidUiautomator2Driver.pageLoadTimeoutW3C (C:\\Users\\Vasiliy\\AppData\\Local\\Programs\\Appium Server GUI\\resources\\app\\node_modules\\appium\\node_modules\\appium-base-driver\\lib\\basedriver\\commands\\timeout.js:83:9)\n    at AndroidUiautomator2Driver.timeouts (C:\\Users\\Vasiliy\\AppData\\Local\\Programs\\Appium Server GUI\\resources\\app\\node_modules\\appium\\node_modules\\appium-base-driver\\lib\\basedriver\\commands\\timeout.js:40:16)\n    at commandExecutor (C:\\Users\\Vasiliy\\AppData\\Local\\Programs\\Appium Server GUI\\resources\\app\\node_modules\\appium\\node_modules\\appium-base-driver\\lib\\basedriver\\driver.js:335:9)\n    at C:\\Users\\Vasiliy\\AppData\\Local\\Programs\\Appium Server GUI\\resources\\app\\node_modules\\appium\\node_modules\\async-lock\\lib\\index.js:146:12\n    at AsyncLock._promiseTry (C:\\Users\\Vasiliy\\AppData\\Local\\Programs\\Appium Server GUI\\resources\\app\\node_modules\\appium\\node_modules\\async-lock\\lib\\index.js:280:31)\n    at exec (C:\\Users\\Vasiliy\\AppData\\Local\\Programs\\Appium Server GUI\\resources\\app\\node_modules\\appium\\node_modules\\async-lock\\lib\\index.js:145:9)\n    at AsyncLock.acquire (C:\\Users\\Vasiliy\\AppData\\Local\\Programs\\Appium Server GUI\\resources\\app\\node_modules\\appium\\node_modules\\async-lock\\lib\\index.js:162:3)\n    at AndroidUiautomator2Driver.executeCommand (C:\\Users\\Vasiliy\\AppData\\Local\\Programs\\Appium Server GUI\\resources\\app\\node_modules\\appium\\node_modules\\appium-base-driver\\lib\\basedriver\\driver.js:348:39)\n    at AppiumDriver.executeCommand (C:\\Users\\Vasiliy\\AppData\\Local\\Programs\\Appium Server GUI\\resources\\app\\node_modules\\appium\\lib\\appium.js:563:36)\n    at runMicrotasks (<anonymous>)\n    at processTicksAndRejections (internal/process/task_queues.js:97:5)\n    at asyncHandler (C:\\Users\\Vasiliy\\AppData\\Local\\Programs\\Appium Server GUI\\resources\\app\\node_modules\\appium\\node_modules\\appium-base-driver\\lib\\protocol\\protocol.js:297:21)"}}
Command duration or timeout: 33 milliseconds
Build info: version: '4.7.1', revision: 'c6795baf1a3'
System info: os.name: 'Windows 10', os.arch: 'amd64', os.version: '10.0', java.version: '16.0.2'
Driver info: io.appium.java_client.android.AndroidDriver
Command: [a3945fb7-1b12-43d6-ba62-eb76697bb966, setTimeout {pageLoad=30000}]
Capabilities {appium:app: Q:\For mobile\et.tests\src\..., appium:appActivity: , appium:appPackage: ru.eltempo.android, appium:autoGrantPermissions: true, appium:automationName: UIAutomator2, appium:databaseEnabled: false, appium:desired: {app: Q:\For mobile\et.tests\src\..., appActivity: , appPackage: , autoGrantPermissions: true, automationName: UIAutomator2, deviceName: Pixel 4 API 31, disableWindowAnimation: true, newCommandTimeout: 2, platformName: android}, appium:deviceApiLevel: 31, appium:deviceManufacturer: Google, appium:deviceModel: sdk_gphone64_x86_64, appium:deviceName: emulator-5554, appium:deviceScreenDensity: 440, appium:deviceScreenSize: 1080x2280, appium:deviceUDID: emulator-5554, appium:disableWindowAnimation: true, appium:javascriptEnabled: true, appium:locationContextEnabled: false, appium:networkConnectionEnabled: true, appium:newCommandTimeout: 2, appium:pixelRatio: 2.75, appium:platformVersion: 12, appium:statBarHeight: 83, appium:takesScreenshot: true, appium:viewportRect: {height: 2065, left: 0, top: 83, width: 1080}, appium:warnings: {}, appium:webStorageEnabled: false, platformName: ANDROID}
Session ID: a3945fb7-1b12-43d6-ba62-eb76697bb966
[Test worker] INFO com.codeborne.selenide.webdriver.WebDriverFactory - BrowserName= Version= Platform=ANDROID
[Test worker] INFO com.codeborne.selenide.webdriver.WebDriverFactory - Selenide v. 6.10.2
[Test worker] INFO com.codeborne.selenide.webdriver.WebDriverFactory - Selenium WebDriver v. 4.7.1 build revision: c6795baf1a3
[Test worker] INFO com.codeborne.selenide.drivercommands.CreateDriverCommand - Created webdriver in thread 15: AndroidDriver -> AndroidDriver:  on ANDROID (a3945fb7-1b12-43d6-ba62-eb76697bb966)
[Test worker] INFO com.codeborne.selenide.drivercommands.DisposablesRegistry - Register WebDriverInstance[config=StaticConfig,webDriver=AndroidDriver:  on ANDROID (a3945fb7-1b12-43d6-ba62-eb76697bb966),proxy=null,downloadsFolder=Q:\For mobile\et.tests\build\downloads\1675952608702_16908_15] in 15 [size=1]
[Test worker] INFO com.codeborne.selenide.drivercommands.DisposablesRegistry - Add shutdown hook in 15 [size=1]
[Test worker] INFO com.codeborne.selenide.impl.FileHelper - Deleted empty folder: Q:\For mobile\et.tests\build\downloads\1675952608702_16908_15
[Test worker] INFO com.codeborne.selenide.drivercommands.CloseDriverCommand - Close webdriver: 15 -> AndroidDriver:  on ANDROID (a3945fb7-1b12-43d6-ba62-eb76697bb966)...
[Test worker] INFO com.codeborne.selenide.drivercommands.CloseDriverCommand - Closed webdriver 15 in 21 ms
[Test worker] INFO com.codeborne.selenide.drivercommands.DisposablesRegistry - Unregister WebDriverInstance[config=StaticConfig,webDriver=AndroidDriver:  on ANDROID (null),proxy=null,downloadsFolder=Q:\For mobile\et.tests\build\downloads\1675952608702_16908_15] in 15 [size=0]
]]></system-err>
</testsuite>
